#! /opt/homebrew/Cellar/icarus-verilog/12.0/bin/vvp
:ivl_version "12.0 (stable)";
:ivl_delay_selection "TYPICAL";
:vpi_time_precision - 9;
:vpi_module "/opt/homebrew/Cellar/icarus-verilog/12.0/lib/ivl/system.vpi";
:vpi_module "/opt/homebrew/Cellar/icarus-verilog/12.0/lib/ivl/vhdl_sys.vpi";
:vpi_module "/opt/homebrew/Cellar/icarus-verilog/12.0/lib/ivl/vhdl_textio.vpi";
:vpi_module "/opt/homebrew/Cellar/icarus-verilog/12.0/lib/ivl/v2005_math.vpi";
:vpi_module "/opt/homebrew/Cellar/icarus-verilog/12.0/lib/ivl/va_math.vpi";
S_0x149904240 .scope module, "counter_tb" "counter_tb" 2 4;
 .timescale -8 -9;
v0x149914b40_0 .net "a0", 0 0, v0x1499046b0_0;  1 drivers
v0x149914bf0_0 .net "a1", 0 0, v0x149914760_0;  1 drivers
v0x149914c80_0 .net "a2", 0 0, v0x149914800_0;  1 drivers
v0x149914d30_0 .net "a3", 0 0, v0x149914890_0;  1 drivers
v0x149914de0_0 .var "clk", 0 0;
v0x149914eb0_0 .var "rst", 0 0;
S_0x1499043c0 .scope module, "my_counter" "counter" 2 12, 3 2 0, S_0x149904240;
 .timescale 0 0;
    .port_info 0 /INPUT 1 "clk";
    .port_info 1 /INPUT 1 "rst";
    .port_info 2 /OUTPUT 1 "a0";
    .port_info 3 /OUTPUT 1 "a1";
    .port_info 4 /OUTPUT 1 "a2";
    .port_info 5 /OUTPUT 1 "a3";
v0x1499046b0_0 .var "a0", 0 0;
v0x149914760_0 .var "a1", 0 0;
v0x149914800_0 .var "a2", 0 0;
v0x149914890_0 .var "a3", 0 0;
v0x149914930_0 .net "clk", 0 0, v0x149914de0_0;  1 drivers
v0x149914a10_0 .net "rst", 0 0, v0x149914eb0_0;  1 drivers
E_0x149904650 .event posedge, v0x149914930_0;
    .scope S_0x1499043c0;
T_0 ;
    %wait E_0x149904650;
    %load/vec4 v0x149914a10_0;
    %flag_set/vec4 8;
    %jmp/0xz  T_0.0, 8;
    %pushi/vec4 0, 0, 1;
    %assign/vec4 v0x1499046b0_0, 0;
    %pushi/vec4 0, 0, 1;
    %assign/vec4 v0x149914760_0, 0;
    %pushi/vec4 0, 0, 1;
    %assign/vec4 v0x149914800_0, 0;
    %pushi/vec4 0, 0, 1;
    %assign/vec4 v0x149914890_0, 0;
    %jmp T_0.1;
T_0.0 ;
    %load/vec4 v0x1499046b0_0;
    %inv;
    %assign/vec4 v0x1499046b0_0, 0;
    %load/vec4 v0x1499046b0_0;
    %load/vec4 v0x149914760_0;
    %xor;
    %assign/vec4 v0x149914760_0, 0;
    %load/vec4 v0x1499046b0_0;
    %load/vec4 v0x149914760_0;
    %and;
    %load/vec4 v0x149914800_0;
    %xor;
    %assign/vec4 v0x149914800_0, 0;
    %load/vec4 v0x1499046b0_0;
    %load/vec4 v0x149914760_0;
    %and;
    %load/vec4 v0x149914800_0;
    %and;
    %load/vec4 v0x149914890_0;
    %xor;
    %assign/vec4 v0x149914890_0, 0;
T_0.1 ;
    %jmp T_0;
    .thread T_0;
    .scope S_0x149904240;
T_1 ;
    %vpi_call 2 15 "$dumpfile", "wave.vcd" {0 0 0};
    %vpi_call 2 16 "$dumpvars", 32'sb00000000000000000000000000000000, S_0x149904240 {0 0 0};
    %pushi/vec4 0, 0, 1;
    %store/vec4 v0x149914de0_0, 0, 1;
    %pushi/vec4 1, 0, 1;
    %store/vec4 v0x149914eb0_0, 0, 1;
    %delay 10, 0;
    %pushi/vec4 0, 0, 1;
    %store/vec4 v0x149914eb0_0, 0, 1;
    %delay 200, 0;
    %vpi_call 2 23 "$finish" {0 0 0};
    %end;
    .thread T_1;
    .scope S_0x149904240;
T_2 ;
    %delay 5, 0;
    %load/vec4 v0x149914de0_0;
    %inv;
    %store/vec4 v0x149914de0_0, 0, 1;
    %jmp T_2;
    .thread T_2;
# The file index is used to find the file name in the following table.
:file_names 4;
    "N/A";
    "<interactive>";
    "counter_tb.v";
    "counter.v";
