#! /opt/homebrew/Cellar/icarus-verilog/12.0/bin/vvp
:ivl_version "12.0 (stable)";
:ivl_delay_selection "TYPICAL";
:vpi_time_precision - 12;
:vpi_module "/opt/homebrew/Cellar/icarus-verilog/12.0/lib/ivl/system.vpi";
:vpi_module "/opt/homebrew/Cellar/icarus-verilog/12.0/lib/ivl/vhdl_sys.vpi";
:vpi_module "/opt/homebrew/Cellar/icarus-verilog/12.0/lib/ivl/vhdl_textio.vpi";
:vpi_module "/opt/homebrew/Cellar/icarus-verilog/12.0/lib/ivl/v2005_math.vpi";
:vpi_module "/opt/homebrew/Cellar/icarus-verilog/12.0/lib/ivl/va_math.vpi";
S_0x150606070 .scope module, "FPCVT_tb" "FPCVT_tb" 2 3;
 .timescale -9 -12;
v0x6000015a0cf0_0 .var "D", 11 0;
v0x6000015a0d80_0 .net "E", 2 0, v0x6000015a0630_0;  1 drivers
v0x6000015a0e10_0 .net "F", 3 0, v0x6000015a0750_0;  1 drivers
v0x6000015a0ea0_0 .net "S", 0 0, v0x6000015a0090_0;  1 drivers
S_0x1506061e0 .scope module, "uut" "FPCVT" 2 13, 3 3 0, S_0x150606070;
 .timescale -9 -12;
    .port_info 0 /INPUT 12 "D";
    .port_info 1 /OUTPUT 1 "S";
    .port_info 2 /OUTPUT 3 "E";
    .port_info 3 /OUTPUT 4 "F";
v0x6000015a0870_0 .net "D", 11 0, v0x6000015a0cf0_0;  1 drivers
v0x6000015a0900_0 .net "E", 2 0, v0x6000015a0630_0;  alias, 1 drivers
v0x6000015a0990_0 .net "F", 3 0, v0x6000015a0750_0;  alias, 1 drivers
v0x6000015a0a20_0 .net "S", 0 0, v0x6000015a0090_0;  alias, 1 drivers
v0x6000015a0ab0_0 .net "exp", 2 0, v0x6000015a0240_0;  1 drivers
v0x6000015a0b40_0 .net "fifth_bit", 0 0, v0x6000015a0360_0;  1 drivers
v0x6000015a0bd0_0 .net "sig", 3 0, v0x6000015a02d0_0;  1 drivers
v0x6000015a0c60_0 .net "signed_mag", 11 0, v0x6000015a0120_0;  1 drivers
S_0x150605790 .scope module, "m1" "signed_conversion" 3 20, 4 3 0, S_0x1506061e0;
 .timescale -9 -12;
    .port_info 0 /INPUT 12 "D";
    .port_info 1 /OUTPUT 1 "S";
    .port_info 2 /OUTPUT 12 "signed_mag";
v0x6000015a0000_0 .net "D", 11 0, v0x6000015a0cf0_0;  alias, 1 drivers
v0x6000015a0090_0 .var "S", 0 0;
v0x6000015a0120_0 .var "signed_mag", 11 0;
E_0x6000032a2e00 .event anyedge, v0x6000015a0000_0, v0x6000015a0090_0, v0x6000015a0120_0;
S_0x150605900 .scope module, "m2" "count_zeros" 3 23, 5 3 0, S_0x1506061e0;
 .timescale -9 -12;
    .port_info 0 /INPUT 12 "D";
    .port_info 1 /OUTPUT 3 "E";
    .port_info 2 /OUTPUT 4 "F";
    .port_info 3 /OUTPUT 1 "fifth_bit";
v0x6000015a01b0_0 .net "D", 11 0, v0x6000015a0120_0;  alias, 1 drivers
v0x6000015a0240_0 .var "E", 2 0;
v0x6000015a02d0_0 .var "F", 3 0;
v0x6000015a0360_0 .var "fifth_bit", 0 0;
v0x6000015a03f0_0 .var "flag", 0 0;
v0x6000015a0480_0 .var/i "i", 31 0;
v0x6000015a0510_0 .var/i "j", 31 0;
E_0x6000032a2e40/0 .event anyedge, v0x6000015a0480_0, v0x6000015a0120_0, v0x6000015a03f0_0, v0x6000015a0240_0;
E_0x6000032a2e40/1 .event anyedge, v0x6000015a0510_0;
E_0x6000032a2e40 .event/or E_0x6000032a2e40/0, E_0x6000032a2e40/1;
S_0x150606760 .scope module, "m3" "round" 3 26, 6 3 0, S_0x1506061e0;
 .timescale -9 -12;
    .port_info 0 /INPUT 3 "E_in";
    .port_info 1 /INPUT 4 "F_in";
    .port_info 2 /INPUT 1 "fifth_bit";
    .port_info 3 /OUTPUT 3 "E_out";
    .port_info 4 /OUTPUT 4 "F_out";
v0x6000015a05a0_0 .net "E_in", 2 0, v0x6000015a0240_0;  alias, 1 drivers
v0x6000015a0630_0 .var "E_out", 2 0;
v0x6000015a06c0_0 .net "F_in", 3 0, v0x6000015a02d0_0;  alias, 1 drivers
v0x6000015a0750_0 .var "F_out", 3 0;
v0x6000015a07e0_0 .net "fifth_bit", 0 0, v0x6000015a0360_0;  alias, 1 drivers
E_0x6000032a2ec0 .event anyedge, v0x6000015a0240_0, v0x6000015a02d0_0, v0x6000015a0360_0;
    .scope S_0x150605790;
T_0 ;
    %wait E_0x6000032a2e00;
    %load/vec4 v0x6000015a0000_0;
    %parti/s 1, 11, 5;
    %store/vec4 v0x6000015a0090_0, 0, 1;
    %load/vec4 v0x6000015a0090_0;
    %pad/u 32;
    %cmpi/e 1, 0, 32;
    %jmp/0xz  T_0.0, 4;
    %load/vec4 v0x6000015a0000_0;
    %inv;
    %pushi/vec4 1, 0, 12;
    %add;
    %store/vec4 v0x6000015a0120_0, 0, 12;
    %load/vec4 v0x6000015a0120_0;
    %parti/s 1, 11, 5;
    %pad/u 32;
    %cmpi/e 1, 0, 32;
    %jmp/0xz  T_0.2, 4;
    %pushi/vec4 2047, 0, 12;
    %store/vec4 v0x6000015a0120_0, 0, 12;
T_0.2 ;
    %jmp T_0.1;
T_0.0 ;
    %load/vec4 v0x6000015a0000_0;
    %store/vec4 v0x6000015a0120_0, 0, 12;
T_0.1 ;
    %jmp T_0;
    .thread T_0, $push;
    .scope S_0x150605900;
T_1 ;
    %wait E_0x6000032a2e40;
    %pushi/vec4 11, 0, 32;
    %store/vec4 v0x6000015a0480_0, 0, 32;
    %pushi/vec4 0, 0, 1;
    %store/vec4 v0x6000015a03f0_0, 0, 1;
    %pushi/vec4 0, 0, 3;
    %store/vec4 v0x6000015a0240_0, 0, 3;
T_1.0 ;
    %load/vec4 v0x6000015a0480_0;
    %cmpi/s 3, 0, 32;
    %flag_or 5, 4; GT is !LE
    %flag_inv 5;
    %jmp/0xz T_1.1, 5;
    %load/vec4 v0x6000015a01b0_0;
    %load/vec4 v0x6000015a0480_0;
    %part/s 1;
    %pad/u 32;
    %cmpi/e 1, 0, 32;
    %jmp/0xz  T_1.2, 4;
    %pushi/vec4 1, 0, 1;
    %store/vec4 v0x6000015a03f0_0, 0, 1;
T_1.2 ;
    %load/vec4 v0x6000015a03f0_0;
    %pad/u 32;
    %cmpi/e 0, 0, 32;
    %jmp/0xz  T_1.4, 4;
    %load/vec4 v0x6000015a0240_0;
    %subi 1, 0, 3;
    %store/vec4 v0x6000015a0240_0, 0, 3;
T_1.4 ;
    %load/vec4 v0x6000015a0480_0;
    %subi 1, 0, 32;
    %store/vec4 v0x6000015a0480_0, 0, 32;
    %jmp T_1.0;
T_1.1 ;
    %load/vec4 v0x6000015a0240_0;
    %pad/u 32;
    %addi 3, 0, 32;
    %store/vec4 v0x6000015a0480_0, 0, 32;
    %pushi/vec4 3, 0, 32;
    %store/vec4 v0x6000015a0510_0, 0, 32;
T_1.6 ;
    %load/vec4 v0x6000015a0510_0;
    %cmpi/s 0, 0, 32;
    %flag_inv 5; GE is !LT
    %jmp/0xz T_1.7, 5;
    %load/vec4 v0x6000015a01b0_0;
    %load/vec4 v0x6000015a0480_0;
    %part/s 1;
    %ix/getv/s 4, v0x6000015a0510_0;
    %store/vec4 v0x6000015a02d0_0, 4, 1;
    %load/vec4 v0x6000015a0480_0;
    %subi 1, 0, 32;
    %store/vec4 v0x6000015a0480_0, 0, 32;
    %load/vec4 v0x6000015a0510_0;
    %subi 1, 0, 32;
    %store/vec4 v0x6000015a0510_0, 0, 32;
    %jmp T_1.6;
T_1.7 ;
    %load/vec4 v0x6000015a0480_0;
    %cmpi/s 0, 0, 32;
    %flag_inv 5; GE is !LT
    %jmp/0xz  T_1.8, 5;
    %load/vec4 v0x6000015a01b0_0;
    %load/vec4 v0x6000015a0480_0;
    %part/s 1;
    %store/vec4 v0x6000015a0360_0, 0, 1;
    %jmp T_1.9;
T_1.8 ;
    %pushi/vec4 0, 0, 1;
    %store/vec4 v0x6000015a0360_0, 0, 1;
T_1.9 ;
    %jmp T_1;
    .thread T_1, $push;
    .scope S_0x150606760;
T_2 ;
    %wait E_0x6000032a2ec0;
    %load/vec4 v0x6000015a05a0_0;
    %store/vec4 v0x6000015a0630_0, 0, 3;
    %load/vec4 v0x6000015a06c0_0;
    %store/vec4 v0x6000015a0750_0, 0, 4;
    %load/vec4 v0x6000015a07e0_0;
    %pad/u 32;
    %cmpi/e 1, 0, 32;
    %jmp/0xz  T_2.0, 4;
    %load/vec4 v0x6000015a06c0_0;
    %cmpi/ne 15, 0, 4;
    %jmp/0xz  T_2.2, 4;
    %load/vec4 v0x6000015a05a0_0;
    %store/vec4 v0x6000015a0630_0, 0, 3;
    %load/vec4 v0x6000015a06c0_0;
    %addi 1, 0, 4;
    %store/vec4 v0x6000015a0750_0, 0, 4;
    %jmp T_2.3;
T_2.2 ;
    %load/vec4 v0x6000015a05a0_0;
    %cmpi/ne 7, 0, 3;
    %jmp/0xz  T_2.4, 4;
    %load/vec4 v0x6000015a05a0_0;
    %addi 1, 0, 3;
    %store/vec4 v0x6000015a0630_0, 0, 3;
    %pushi/vec4 8, 0, 4;
    %store/vec4 v0x6000015a0750_0, 0, 4;
T_2.4 ;
T_2.3 ;
T_2.0 ;
    %jmp T_2;
    .thread T_2, $push;
    .scope S_0x150606070;
T_3 ;
    %pushi/vec4 2047, 0, 12;
    %store/vec4 v0x6000015a0cf0_0, 0, 12;
    %delay 100000, 0;
    %pushi/vec4 341, 0, 12;
    %store/vec4 v0x6000015a0cf0_0, 0, 12;
    %delay 100000, 0;
    %pushi/vec4 105, 0, 12;
    %store/vec4 v0x6000015a0cf0_0, 0, 12;
    %delay 100000, 0;
    %pushi/vec4 125, 0, 12;
    %store/vec4 v0x6000015a0cf0_0, 0, 12;
    %delay 100000, 0;
    %end;
    .thread T_3;
# The file index is used to find the file name in the following table.
:file_names 7;
    "N/A";
    "<interactive>";
    "FPCVT_tb.v";
    "FPCVT.v";
    "signed_conversion.v";
    "count_zeros.v";
    "round.v";
